mode: atomic
github.com/wother/gofoundryvtt/client.go:50.42,51.11 1 5
github.com/wother/gofoundryvtt/client.go:52.25,53.24 1 1
github.com/wother/gofoundryvtt/client.go:54.23,55.22 1 1
github.com/wother/gofoundryvtt/client.go:56.22,57.21 1 1
github.com/wother/gofoundryvtt/client.go:58.25,59.24 1 1
github.com/wother/gofoundryvtt/client.go:60.10,61.19 1 1
github.com/wother/gofoundryvtt/client.go:107.32,108.28 1 8
github.com/wother/gofoundryvtt/client.go:108.28,110.3 1 7
github.com/wother/gofoundryvtt/client.go:111.2,111.27 1 8
github.com/wother/gofoundryvtt/client.go:111.27,113.3 1 7
github.com/wother/gofoundryvtt/client.go:114.2,114.25 1 8
github.com/wother/gofoundryvtt/client.go:114.25,116.3 1 7
github.com/wother/gofoundryvtt/client.go:117.2,117.33 1 8
github.com/wother/gofoundryvtt/client.go:117.33,119.3 1 7
github.com/wother/gofoundryvtt/client.go:120.2,120.31 1 8
github.com/wother/gofoundryvtt/client.go:120.31,122.3 1 7
github.com/wother/gofoundryvtt/client.go:126.35,127.17 1 11
github.com/wother/gofoundryvtt/client.go:127.17,129.3 1 2
github.com/wother/gofoundryvtt/client.go:130.2,130.19 1 9
github.com/wother/gofoundryvtt/client.go:130.19,132.3 1 2
github.com/wother/gofoundryvtt/client.go:133.2,133.21 1 7
github.com/wother/gofoundryvtt/client.go:133.21,135.3 1 1
github.com/wother/gofoundryvtt/client.go:136.2,136.12 1 6
github.com/wother/gofoundryvtt/client.go:157.48,159.42 2 6
github.com/wother/gofoundryvtt/client.go:159.42,161.3 1 1
github.com/wother/gofoundryvtt/client.go:163.2,169.15 2 5
github.com/wother/gofoundryvtt/client.go:174.53,178.61 3 1
github.com/wother/gofoundryvtt/client.go:178.61,180.3 1 1
github.com/wother/gofoundryvtt/client.go:182.2,193.12 3 0
github.com/wother/gofoundryvtt/client.go:198.32,202.34 3 2
github.com/wother/gofoundryvtt/client.go:202.34,204.3 1 2
github.com/wother/gofoundryvtt/client.go:212.2,213.12 2 0
github.com/wother/gofoundryvtt/client.go:217.42,221.2 3 2
github.com/wother/gofoundryvtt/client.go:226.81,238.16 6 1
github.com/wother/gofoundryvtt/client.go:238.16,242.53 3 1
github.com/wother/gofoundryvtt/client.go:242.53,244.4 1 0
github.com/wother/gofoundryvtt/client.go:247.3,251.38 3 1
github.com/wother/gofoundryvtt/client.go:251.38,252.16 1 1
github.com/wother/gofoundryvtt/client.go:252.16,254.5 1 0
github.com/wother/gofoundryvtt/client.go:256.3,257.22 2 1
github.com/wother/gofoundryvtt/client.go:263.50,264.22 1 2
github.com/wother/gofoundryvtt/client.go:264.22,266.3 1 0
github.com/wother/gofoundryvtt/client.go:268.2,275.12 4 2
github.com/wother/gofoundryvtt/client.go:275.12,276.38 1 2
github.com/wother/gofoundryvtt/client.go:276.38,278.4 1 1
